[debug] ----------------------------------------------------------------------
[debug] Command:      C:\Program Files\nodejs\node.exe C:\Users\esanchezl\AppData\Roaming\npm\node_modules\firebase-tools\bin\firebase serve
[debug] CLI Version:  3.6.1
[debug] Platform:     win32
[debug] Node Version: v7.6.0
[debug] Time:         Fri May 05 2017 10:05:42 GMT-0500 (Hora de verano central (México))
[debug] ----------------------------------------------------------------------
[debug] 
[debug] > command requires scopes: ["email","openid","https://www.googleapis.com/auth/cloudplatformprojects.readonly","https://www.googleapis.com/auth/firebase","https://www.googleapis.com/auth/cloud-platform"]
[debug] > refreshing access token with scopes: ["email","https://www.googleapis.com/auth/cloud-platform","https://www.googleapis.com/auth/cloudplatformprojects.readonly","https://www.googleapis.com/auth/firebase","openid"]
[debug] >>> HTTP REQUEST POST https://www.googleapis.com/oauth2/v3/token { refresh_token: '1/ytLdycSvSa-K_71cr9Q4G3JpmWDiuo0PZYrle--Y7yA',
  client_id: '563584335869-fgrhgmd47bqnekij5i8b5pr03ho849e6.apps.googleusercontent.com',
  client_secret: 'j9iVZfS8kkCEFUPaAeJV0sAi',
  grant_type: 'refresh_token',
  scope: 'email https://www.googleapis.com/auth/cloud-platform https://www.googleapis.com/auth/cloudplatformprojects.readonly https://www.googleapis.com/auth/firebase openid' } 
 Fri May 05 2017 10:05:42 GMT-0500 (Hora de verano central (México))
[debug] <<< HTTP RESPONSE 200
[debug] >>> HTTP REQUEST GET https://admin.firebase.com/v1/projects/capacitacionrh-d44eb  
 Fri May 05 2017 10:05:42 GMT-0500 (Hora de verano central (México))
[debug] <<< HTTP RESPONSE 200
[debug] >>> HTTP REQUEST GET https://admin.firebase.com/v1/database/capacitacionrh-d44eb/tokens  
 Fri May 05 2017 10:05:42 GMT-0500 (Hora de verano central (México))
[debug] <<< HTTP RESPONSE 200
[info] Starting Firebase development server...
[info] 
[info] Project Directory: C:\Users\esanchezl\Documents\tablasmartin\encuestasrh
[debug] >>> HTTP REQUEST GET https://cloudresourcemanager.googleapis.com/v1/projects/capacitacionrh-d44eb  
 Fri May 05 2017 10:05:43 GMT-0500 (Hora de verano central (México))
[debug] <<< HTTP RESPONSE 200
[debug] >>> HTTP REQUEST GET https://mobilesdk-pa.googleapis.com/v1/projects/1018765639246/clients/_:getWebAppConfig  
 Fri May 05 2017 10:05:43 GMT-0500 (Hora de verano central (México))
[debug] <<< HTTP RESPONSE 200
[info] Public Directory: ./
[info] 
[info] Server listening at: http://localhost:5000
